TN:
SF:/home/amans/Desktop/2course/LABS_SECOND_SEM/3laba/Array/Array.cpp
FNL:0,109,125
FNA:0,3,_ZNK12DynamicArray17serializeToBinaryERKNSt7__cxx1112basic_stringIcSt11char_traitsIcESaIcEEE
FNL:1,127,150
FNA:1,3,_ZN12DynamicArray21deserializeFromBinaryERKNSt7__cxx1112basic_stringIcSt11char_traitsIcESaIcEEE
FNL:2,152,157
FNA:2,6,_ZN12DynamicArray5clearEv
FNL:3,159,165
FNA:3,0,_ZNK12DynamicArray5printEv
FNL:4,167,169
FNA:4,3,_ZNK12DynamicArray14checkIntegrityEv
FNL:5,22,33
FNA:5,92,_ZN12DynamicArray14shrinkCapacityEv
FNL:6,35,38
FNA:6,17,_ZN12DynamicArrayC2Ei
FNL:7,40,42
FNA:7,17,_ZN12DynamicArrayD2Ev
FNL:8,44,47
FNA:8,2192,_ZN12DynamicArray6addEndERKNSt7__cxx1112basic_stringIcSt11char_traitsIcESaIcEEE
FNL:9,49,58
FNA:9,5,_ZN12DynamicArray5addAtEiRKNSt7__cxx1112basic_stringIcSt11char_traitsIcESaIcEEE
FNL:10,60,65
FNA:10,1024,_ZNK12DynamicArray3getB5cxx11Ei
FNL:11,67,71
FNA:11,3,_ZN12DynamicArray3setEiRKNSt7__cxx1112basic_stringIcSt11char_traitsIcESaIcEEE
FNL:12,73,81
FNA:12,94,_ZN12DynamicArray8removeAtEi
FNL:13,83,83
FNA:13,15,_ZNK12DynamicArray7getSizeEv
FNL:14,84,84
FNA:14,6,_ZNK12DynamicArray11getCapacityEv
FNL:15,87,97
FNA:15,2,_ZN12DynamicArray12readFromFileERKNSt7__cxx1112basic_stringIcSt11char_traitsIcESaIcEEE
FNL:16,9,20
FNA:16,2195,_ZN12DynamicArray14ensureCapacityEv
FNL:17,99,106
FNA:17,1,_ZN12DynamicArray11writeToFileERKNSt7__cxx1112basic_stringIcSt11char_traitsIcESaIcEEE
FNF:18
FNH:17
DA:9,2195
DA:10,2195
DA:11,23
DA:12,5603
DA:13,23
DA:14,23
DA:16,2813
DA:17,23
DA:18,23
DA:20,2195
DA:22,92
DA:23,92
DA:24,2
DA:25,122
DA:26,2
DA:27,2
DA:29,242
DA:30,2
DA:31,2
DA:33,92
DA:35,17
DA:36,17
DA:37,227
DA:38,17
DA:40,17
DA:41,2827
DA:42,17
DA:44,2192
DA:45,2192
DA:46,2192
DA:47,2192
DA:49,5
DA:50,5
DA:51,3
DA:52,4
DA:53,1
DA:55,3
DA:56,3
DA:57,3
DA:60,1024
DA:61,1024
DA:62,2
DA:64,1022
DA:67,3
DA:68,3
DA:69,1
DA:70,1
DA:73,94
DA:74,94
DA:75,5181
DA:76,5089
DA:78,92
DA:79,92
DA:80,92
DA:83,15
DA:84,6
DA:87,2
DA:88,2
DA:89,2
DA:90,2
DA:92,1
DA:93,4
DA:94,3
DA:96,1
DA:97,2
DA:99,1
DA:100,1
DA:101,4
DA:102,3
DA:103,3
DA:105,1
DA:106,1
DA:109,3
DA:110,3
DA:111,3
DA:114,3
DA:117,1006
DA:118,1003
DA:119,1003
DA:120,1003
DA:123,3
DA:124,3
DA:125,3
DA:127,3
DA:128,3
DA:129,3
DA:131,3
DA:134,3
DA:135,3
DA:138,1006
DA:139,1003
DA:140,1003
DA:142,1003
DA:143,1003
DA:145,1003
DA:146,1003
DA:148,3
DA:149,3
DA:150,3
DA:152,6
DA:153,136
DA:154,66
DA:155,6
DA:156,6
DA:157,6
DA:159,0
DA:160,0
DA:161,0
DA:162,0
DA:164,0
DA:165,0
DA:167,3
DA:168,3
LF:113
LH:107
end_of_record
TN:
SF:/home/amans/Desktop/2course/LABS_SECOND_SEM/3laba/Array/test_array.cpp
FNL:0,108,121
FNA:0,1,_ZL18test_clear_invokerv
FNA:0,1,_ZN10test_clear11test_methodEv
FNL:1,123,144
FNA:1,1,_ZL28test_file_operations_invokerv
FNA:1,1,_ZN20test_file_operations11test_methodEv
FNL:2,146,163
FNA:2,1,_ZL33test_binary_serialization_invokerv
FNA:2,1,_ZN25test_binary_serialization11test_methodEv
FNL:3,165,174
FNA:3,1,_ZL25test_binary_empty_invokerv
FNA:3,1,_ZN17test_binary_empty11test_methodEv
FNL:4,176,193
FNA:4,1,_ZL25test_binary_large_invokerv
FNA:4,1,_ZN17test_binary_large11test_methodEv
FNL:5,22,40
FNA:5,1,_ZL20test_add_end_invokerv
FNA:5,1,_ZN12test_add_end11test_methodEv
FNL:6,42,59
FNA:6,1,_ZL19test_add_at_invokerv
FNA:6,1,_ZN11test_add_at11test_methodEv
FNL:7,61,79
FNA:7,1,_ZL20test_get_set_invokerv
FNA:7,1,_ZN12test_get_set11test_methodEv
FNL:8,81,106
FNA:8,1,_ZL22test_remove_at_invokerv
FNA:8,1,_ZN14test_remove_at11test_methodEv
FNL:9,9,20
FNA:9,1,_ZL35test_constructor_destructor_invokerv
FNA:9,1,_ZN27test_constructor_destructor11test_methodEv
FNF:10
FNH:10
DA:9,2
DA:10,1
DA:11,1
DA:12,1
DA:13,1
DA:15,1
DA:16,1
DA:18,1
DA:19,1
DA:20,1
DA:22,2
DA:23,1
DA:25,1
DA:26,1
DA:27,1
DA:29,1
DA:30,1
DA:31,1
DA:32,1
DA:35,21
DA:36,20
DA:38,1
DA:39,1
DA:40,1
DA:42,2
DA:43,1
DA:45,3
DA:46,1
DA:47,1
DA:49,3
DA:50,1
DA:51,1
DA:52,1
DA:54,3
DA:55,1
DA:57,3
DA:58,3
DA:59,1
DA:61,2
DA:62,1
DA:63,2
DA:64,2
DA:65,1
DA:67,1
DA:68,1
DA:69,1
DA:71,1
DA:72,1
DA:74,3
DA:75,1
DA:77,3
DA:78,3
DA:79,1
DA:81,2
DA:82,1
DA:83,2
DA:84,2
DA:85,2
DA:86,1
DA:88,1
DA:89,1
DA:90,1
DA:91,1
DA:92,1
DA:94,1
DA:95,1
DA:96,1
DA:98,1
DA:99,1
DA:102,201
DA:103,1
DA:104,91
DA:105,1
DA:106,1
DA:108,2
DA:109,1
DA:110,101
DA:112,1
DA:113,1
DA:114,1
DA:115,1
DA:118,1
DA:119,1
DA:120,1
DA:121,1
DA:123,2
DA:124,1
DA:125,2
DA:126,2
DA:127,2
DA:129,1
DA:131,1
DA:132,1
DA:134,1
DA:135,1
DA:136,1
DA:137,1
DA:139,1
DA:141,1
DA:142,1
DA:143,1
DA:144,1
DA:146,2
DA:147,1
DA:148,2
DA:149,2
DA:150,1
DA:152,3
DA:154,1
DA:155,3
DA:157,1
DA:158,1
DA:159,1
DA:160,1
DA:162,1
DA:163,1
DA:165,2
DA:166,1
DA:167,3
DA:169,1
DA:170,3
DA:171,1
DA:173,1
DA:174,1
DA:176,2
DA:177,1
DA:178,1001
DA:179,1000
DA:182,3
DA:184,1
DA:185,3
DA:187,1
DA:188,1001
DA:189,1000
DA:192,1
DA:193,1
LF:136
LH:136
end_of_record
