TN:
SF:/home/amans/Desktop/2course/LABS_SECOND_SEM/3laba/TwiceHashed/HashTable.cpp
FNL:0,10,12
FNA:0,50,_ZL5hash2ii
FNL:1,117,138
FNA:1,2,_ZN9HashTable6removeEi
FNL:2,140,152
FNA:2,1,_ZNK9HashTable5printEv
FNL:3,15,15
FNA:3,181,_ZN8HashNodeC2Ev
FNL:4,154,159
FNA:4,2,_ZN9HashTable5clearEv
FNL:5,161,174
FNA:5,1,_ZN9HashTable12readFromFileERKNSt7__cxx1112basic_stringIcSt11char_traitsIcESaIcEEE
FNL:6,17,17
FNA:6,28,_ZNK8HashNode6getKeyEv
FNL:7,176,184
FNA:7,1,_ZN9HashTable11writeToFileERKNSt7__cxx1112basic_stringIcSt11char_traitsIcESaIcEEE
FNL:8,186,210
FNA:8,3,_ZNK9HashTable17serializeToBinaryERKNSt7__cxx1112basic_stringIcSt11char_traitsIcESaIcEEE
FNL:9,19,19
FNA:9,24,_ZNK8HashNode8getValueB5cxx11Ev
FNL:10,21,21
FNA:10,120,_ZNK8HashNode10isOccupiedEv
FNL:11,212,267
FNA:11,2,_ZN9HashTable21deserializeFromBinaryERKNSt7__cxx1112basic_stringIcSt11char_traitsIcESaIcEEE
FNL:12,23,23
FNA:12,43,_ZNK8HashNode9isDeletedEv
FNL:13,25,25
FNA:13,31,_ZN8HashNode6setKeyEi
FNL:14,27,27
FNA:14,32,_ZN8HashNode8setValueERKNSt7__cxx1112basic_stringIcSt11char_traitsIcESaIcEEE
FNL:15,29,32
FNA:15,31,_ZN8HashNode12markOccupiedEv
FNL:16,34,34
FNA:16,1,_ZN8HashNode11markDeletedEv
FNL:17,36,39
FNA:17,44,_ZN8HashNode9markEmptyEv
FNL:18,42,46
FNA:18,14,_ZN9HashTableC2Ei
FNL:19,48,50
FNA:19,14,_ZN9HashTableD2Ev
FNL:20,52,67
FNA:20,1,_ZN9HashTable6rehashEv
FNL:21,6,8
FNA:21,50,_ZL5hash1ii
FNL:22,69,93
FNA:22,29,_ZN9HashTable6insertEiRKNSt7__cxx1112basic_stringIcSt11char_traitsIcESaIcEEE
FNL:23,95,115
FNA:23,16,_ZNK9HashTable6searchB5cxx11Ei
FNF:24
FNH:24
DA:6,50
DA:7,50
DA:10,50
DA:11,50
DA:15,543
DA:17,28
DA:19,24
DA:21,120
DA:23,43
DA:25,31
DA:27,32
DA:29,31
DA:30,31
DA:31,31
DA:32,31
DA:34,1
DA:36,44
DA:37,44
DA:38,44
DA:39,44
DA:42,14
DA:43,14
DA:44,14
DA:45,162
DA:46,14
DA:48,14
DA:49,168
DA:50,14
DA:52,1
DA:53,1
DA:54,1
DA:56,1
DA:57,12
DA:58,1
DA:60,6
DA:61,5
DA:62,4
DA:66,7
DA:67,1
DA:69,29
DA:70,29
DA:71,1
DA:74,29
DA:75,29
DA:76,29
DA:78,29
DA:79,29
DA:80,28
DA:81,28
DA:82,28
DA:83,28
DA:84,28
DA:86,1
DA:87,1
DA:88,1
DA:90,0
DA:92,0
DA:95,16
DA:96,16
DA:97,16
DA:98,16
DA:100,19
DA:101,19
DA:102,3
DA:103,6
DA:105,0
DA:106,0
DA:109,16
DA:110,13
DA:112,3
DA:114,0
DA:117,2
DA:118,2
DA:119,2
DA:120,2
DA:122,2
DA:123,2
DA:124,1
DA:125,1
DA:127,0
DA:130,1
DA:131,1
DA:132,1
DA:133,1
DA:135,0
DA:137,0
DA:140,1
DA:141,12
DA:142,11
DA:143,11
DA:144,2
DA:145,9
DA:146,0
DA:148,9
DA:150,11
DA:152,1
DA:154,2
DA:155,24
DA:156,22
DA:158,2
DA:159,2
DA:161,1
DA:162,1
DA:163,1
DA:164,1
DA:167,1
DA:168,3
DA:169,2
DA:170,2
DA:171,2
DA:173,1
DA:174,1
DA:176,1
DA:177,1
DA:178,12
DA:179,11
DA:180,2
DA:183,1
DA:184,1
DA:186,3
DA:187,3
DA:188,3
DA:190,2
DA:191,2
DA:193,24
DA:194,22
DA:195,3
DA:196,3
DA:198,3
DA:199,3
DA:200,3
DA:202,3
DA:203,2
DA:208,2
DA:209,2
DA:210,3
DA:212,2
DA:213,2
DA:214,2
DA:217,24
DA:220,2
DA:221,2
DA:223,2
DA:224,2
DA:225,24
DA:228,24
DA:229,22
DA:232,5
DA:234,3
DA:237,3
DA:239,3
DA:240,3
DA:241,2
DA:242,2
DA:246,3
DA:247,3
DA:248,3
DA:250,3
DA:251,3
DA:252,3
DA:253,3
DA:254,3
DA:255,3
DA:257,0
DA:258,0
DA:259,0
DA:261,0
DA:263,3
DA:265,2
DA:266,2
DA:267,2
LF:171
LH:158
end_of_record
TN:
SF:/home/amans/Desktop/2course/LABS_SECOND_SEM/3laba/TwiceHashed/HashTable.h
FNL:0,43,43
FNA:0,9,_ZNK9HashTable7getSizeEv
FNL:1,44,44
FNA:1,4,_ZNK9HashTable7isEmptyEv
FNL:2,45,45
FNA:2,3,_ZNK9HashTable11getCapacityEv
FNL:3,46,46
FNA:3,29,_ZNK9HashTable13getLoadFactorEv
FNF:4
FNH:4
DA:43,9
DA:44,4
DA:45,3
DA:46,29
LF:4
LH:4
end_of_record
TN:
SF:/home/amans/Desktop/2course/LABS_SECOND_SEM/3laba/TwiceHashed/test_hash.cpp
FNL:0,103,103
FNA:0,1,_ZZN10test_print11test_methodEvENKUlvE_clEv
FNL:1,108,124
FNA:1,1,_ZL25test_text_file_io_invokerv
FNA:1,1,_ZN17test_text_file_io11test_methodEv
FNL:2,11,17
FNA:2,1,_Z13captureOutputB5cxx11St8functionIFvvEE
FNL:3,126,144
FNA:3,1,_ZL33test_binary_serialization_invokerv
FNA:3,1,_ZN25test_binary_serialization11test_methodEv
FNL:4,146,160
FNA:4,1,_ZL34test_binary_empty_and_fail_invokerv
FNA:4,1,_ZN26test_binary_empty_and_fail11test_methodEv
FNL:5,19,24
FNA:5,1,_ZL24test_constructor_invokerv
FNA:5,1,_ZN16test_constructor11test_methodEv
FNL:6,26,39
FNA:6,1,_ZL30test_insert_and_search_invokerv
FNA:6,1,_ZN22test_insert_and_search11test_methodEv
FNL:7,41,49
FNA:7,1,_ZL33test_insert_duplicate_key_invokerv
FNA:7,1,_ZN25test_insert_duplicate_key11test_methodEv
FNL:8,51,63
FNA:8,1,_ZL19test_remove_invokerv
FNA:8,1,_ZN11test_remove11test_methodEv
FNL:9,65,81
FNA:9,1,_ZL34test_rehash_on_load_factor_invokerv
FNA:9,1,_ZN26test_rehash_on_load_factor11test_methodEv
FNL:10,83,96
FNA:10,1,_ZL18test_clear_invokerv
FNA:10,1,_ZN10test_clear11test_methodEv
FNL:11,98,106
FNA:11,1,_ZL18test_print_invokerv
FNA:11,1,_ZN10test_print11test_methodEv
FNF:12
FNH:12
DA:11,1
DA:12,1
DA:13,1
DA:14,1
DA:15,1
DA:16,2
DA:17,1
DA:19,2
DA:20,1
DA:21,1
DA:22,1
DA:23,1
DA:24,1
DA:26,2
DA:27,1
DA:28,3
DA:29,3
DA:30,3
DA:32,1
DA:33,1
DA:34,1
DA:35,1
DA:37,1
DA:38,1
DA:39,1
DA:41,2
DA:42,1
DA:43,3
DA:44,1
DA:46,3
DA:47,1
DA:48,1
DA:49,1
DA:51,2
DA:52,1
DA:53,2
DA:54,2
DA:55,1
DA:57,1
DA:58,1
DA:59,1
DA:61,1
DA:62,1
DA:63,1
DA:65,2
DA:66,1
DA:69,2
DA:70,2
DA:71,2
DA:72,1
DA:74,1
DA:75,1
DA:77,1
DA:78,1
DA:79,1
DA:80,1
DA:81,1
DA:83,2
DA:84,1
DA:85,2
DA:86,1
DA:88,1
DA:89,1
DA:90,1
DA:91,1
DA:94,1
DA:95,1
DA:96,1
DA:98,2
DA:99,1
DA:100,2
DA:101,1
DA:103,2
DA:104,1
DA:105,1
DA:106,1
DA:108,2
DA:109,1
DA:110,2
DA:111,2
DA:113,1
DA:114,1
DA:116,1
DA:117,1
DA:119,1
DA:120,1
DA:121,1
DA:123,1
DA:124,1
DA:126,2
DA:127,1
DA:128,2
DA:129,2
DA:130,2
DA:132,1
DA:133,1
DA:135,1
DA:136,1
DA:138,1
DA:139,1
DA:140,1
DA:141,1
DA:143,1
DA:144,1
DA:146,2
DA:147,1
DA:148,1
DA:149,1
DA:151,1
DA:152,1
DA:153,1
DA:155,1
DA:158,1
DA:159,3
DA:160,1
LF:115
LH:115
end_of_record
