TN:
SF:/home/amans/Desktop/LABS_SECOND_SEM/3laba/ForwardList/ForwardList.cpp
FNL:0,113,122
FNA:0,6,_ZN11ForwardList11removeAfterERKNSt7__cxx1112basic_stringIcSt11char_traitsIcESaIcEEE
FNL:1,12,12
FNA:1,24,_ZN11ForwardListC2Ev
FNL:2,124,132
FNA:2,235,_ZNK11ForwardList7getNodeEi
FNL:3,134,141
FNA:3,3,_ZNK11ForwardList9findValueERKNSt7__cxx1112basic_stringIcSt11char_traitsIcESaIcEEE
FNL:4,143,151
FNA:4,1,_ZNK11ForwardList9printListEv
FNL:5,15,15
FNA:5,24,_ZN11ForwardListD2Ev
FNL:6,153,160
FNA:6,2,_ZN11ForwardList12readFromFileERKNSt7__cxx1112basic_stringIcSt11char_traitsIcESaIcEEE
FNL:7,162,171
FNA:7,1,_ZN11ForwardList11writeToFileERKNSt7__cxx1112basic_stringIcSt11char_traitsIcESaIcEEE
FNL:8,17,19
FNA:8,5,_ZN11ForwardList7addHeadERKNSt7__cxx1112basic_stringIcSt11char_traitsIcESaIcEEE
FNL:9,173,201
FNA:9,4,_ZNK11ForwardList17serializeToBinaryERKNSt7__cxx1112basic_stringIcSt11char_traitsIcESaIcEEE
FNL:10,204,231
FNA:10,5,_ZN11ForwardList21deserializeFromBinaryERKNSt7__cxx1112basic_stringIcSt11char_traitsIcESaIcEEE
FNL:11,21,30
FNA:11,245,_ZN11ForwardList7addTailERKNSt7__cxx1112basic_stringIcSt11char_traitsIcESaIcEEE
FNL:12,234,236
FNA:12,30,_ZN11ForwardList5clearEv
FNL:13,238,238
FNA:13,17,_ZNK11ForwardList7getHeadEv
FNL:14,32,46
FNA:14,4,_ZN11ForwardList9addBeforeERKNSt7__cxx1112basic_stringIcSt11char_traitsIcESaIcEEES7_
FNL:15,4,4
FNA:15,253,_ZN4NodeC2ERKNSt7__cxx1112basic_stringIcSt11char_traitsIcESaIcEEEPS_
FNL:16,48,55
FNA:16,4,_ZN11ForwardList8addAfterERKNSt7__cxx1112basic_stringIcSt11char_traitsIcESaIcEEES7_
FNL:17,57,64
FNA:17,250,_ZN11ForwardList10removeHeadEv
FNL:18,6,6
FNA:18,514,_ZNK4Node8getValueB5cxx11Ev
FNL:19,66,79
FNA:19,2,_ZN11ForwardList10removeTailEv
FNL:20,7,7
FNA:20,30168,_ZNK4Node7getNextEv
FNL:21,8,8
FNA:21,0,_ZN4Node8setValueERKNSt7__cxx1112basic_stringIcSt11char_traitsIcESaIcEEE
FNL:22,81,94
FNA:22,5,_ZN11ForwardList11removeValueERKNSt7__cxx1112basic_stringIcSt11char_traitsIcESaIcEEE
FNL:23,9,9
FNA:23,235,_ZN4Node7setNextEPS_
FNL:24,96,111
FNA:24,7,_ZN11ForwardList12removeBeforeERKNSt7__cxx1112basic_stringIcSt11char_traitsIcESaIcEEE
FNF:25
FNH:24
DA:4,253
DA:6,514
DA:7,30168
DA:8,0
DA:9,235
DA:12,24
DA:15,24
DA:17,5
DA:18,5
DA:19,5
DA:21,245
DA:22,245
DA:23,17
DA:24,17
DA:27,228
DA:28,9949
DA:29,228
DA:32,4
DA:33,4
DA:34,3
DA:35,1
DA:36,1
DA:39,2
DA:40,6
DA:41,4
DA:43,2
DA:44,1
DA:45,1
DA:48,4
DA:49,4
DA:50,13
DA:51,4
DA:53,2
DA:54,2
DA:57,250
DA:58,250
DA:60,249
DA:61,249
DA:62,249
DA:63,249
DA:66,2
DA:67,2
DA:68,1
DA:69,0
DA:70,0
DA:71,0
DA:74,1
DA:75,1
DA:76,1
DA:77,1
DA:78,1
DA:81,5
DA:82,5
DA:83,4
DA:85,2
DA:86,4
DA:87,2
DA:89,2
DA:90,1
DA:91,1
DA:92,1
DA:93,1
DA:96,7
DA:97,7
DA:98,3
DA:99,2
DA:101,1
DA:102,1
DA:103,1
DA:104,0
DA:106,1
DA:107,0
DA:108,0
DA:109,0
DA:110,0
DA:113,6
DA:114,6
DA:115,12
DA:116,6
DA:118,2
DA:119,2
DA:120,2
DA:121,2
DA:124,235
DA:125,235
DA:126,235
DA:127,10180
DA:128,9945
DA:129,9945
DA:131,235
DA:134,3
DA:135,3
DA:136,8
DA:137,7
DA:138,5
DA:140,1
DA:143,1
DA:144,1
DA:145,3
DA:146,2
DA:147,2
DA:148,2
DA:150,1
DA:151,1
DA:153,2
DA:154,2
DA:155,2
DA:157,1
DA:158,4
DA:159,1
DA:160,2
DA:162,1
DA:163,1
DA:164,1
DA:165,4
DA:166,3
DA:167,3
DA:168,3
DA:170,1
DA:171,1
DA:173,4
DA:174,4
DA:175,4
DA:178,4
DA:179,4
DA:180,110
DA:181,106
DA:182,106
DA:184,4
DA:187,4
DA:188,110
DA:190,106
DA:191,106
DA:194,106
DA:196,106
DA:199,4
DA:200,4
DA:201,4
DA:204,5
DA:205,5
DA:206,5
DA:209,4
DA:212,4
DA:213,4
DA:216,110
DA:218,106
DA:219,106
DA:222,106
DA:223,106
DA:226,106
DA:227,106
DA:229,4
DA:230,4
DA:231,5
DA:234,30
DA:235,274
DA:236,30
DA:238,17
LF:158
LH:149
end_of_record
TN:
SF:/home/amans/Desktop/LABS_SECOND_SEM/3laba/ForwardList/test.cpp
FNL:0,107,123
FNA:0,1,_ZL26test_remove_before_invokerv
FNA:0,1,_ZN18test_remove_before11test_methodEv
FNL:1,125,142
FNA:1,1,_ZL25test_remove_after_invokerv
FNA:1,1,_ZN17test_remove_after11test_methodEv
FNL:2,144,159
FNA:2,1,_ZL26test_get_node_find_invokerv
FNA:2,1,_ZN18test_get_node_find11test_methodEv
FNL:3,161,181
FNA:3,1,_ZL28test_file_operations_invokerv
FNA:3,1,_ZN20test_file_operations11test_methodEv
FNL:4,18,34
FNA:4,1,_ZL26test_add_head_tail_invokerv
FNA:4,1,_ZN18test_add_head_tail11test_methodEv
FNL:5,183,195
FNA:5,1,_ZL24test_print_clear_invokerv
FNA:5,1,_ZN16test_print_clear11test_methodEv
FNL:6,197,210
FNA:6,1,_ZL23test_edge_cases_invokerv
FNA:6,1,_ZN15test_edge_cases11test_methodEv
FNL:7,213,229
FNA:7,1,_ZL39test_binary_serialization_basic_invokerv
FNA:7,1,_ZN31test_binary_serialization_basic11test_methodEv
FNL:8,231,242
FNA:8,1,_ZL39test_binary_serialization_empty_invokerv
FNA:8,1,_ZN31test_binary_serialization_empty11test_methodEv
FNL:9,244,260
FNA:9,1,_ZL39test_binary_serialization_large_invokerv
FNA:9,1,_ZN31test_binary_serialization_large11test_methodEv
FNL:10,262,265
FNA:10,1,_ZL43test_binary_deserialize_nonexistent_invokerv
FNA:10,1,_ZN35test_binary_deserialize_nonexistent11test_methodEv
FNL:11,267,294
FNA:11,1,_ZL29test_binary_integrity_invokerv
FNA:11,1,_ZN21test_binary_integrity11test_methodEv
FNL:12,36,52
FNA:12,1,_ZL23test_add_before_invokerv
FNA:12,1,_ZN15test_add_before11test_methodEv
FNL:13,54,70
FNA:13,1,_ZL22test_add_after_invokerv
FNA:13,1,_ZN14test_add_after11test_methodEv
FNL:14,72,87
FNA:14,1,_ZL29test_remove_head_tail_invokerv
FNA:14,1,_ZN21test_remove_head_tail11test_methodEv
FNL:15,8,16
FNA:15,1,_ZL35test_constructor_destructor_invokerv
FNA:15,1,_ZN27test_constructor_destructor11test_methodEv
FNL:16,89,105
FNA:16,1,_ZL25test_remove_value_invokerv
FNA:16,1,_ZN17test_remove_value11test_methodEv
FNF:17
FNH:17
DA:8,2
DA:9,1
DA:10,1
DA:11,1
DA:13,1
DA:14,2
DA:15,1
DA:16,1
DA:18,2
DA:19,1
DA:21,1
DA:22,1
DA:23,1
DA:25,1
DA:26,1
DA:27,1
DA:29,1
DA:30,1
DA:32,1
DA:33,1
DA:34,1
DA:36,2
DA:37,1
DA:38,2
DA:39,2
DA:40,1
DA:42,5
DA:43,1
DA:44,1
DA:45,1
DA:46,1
DA:48,5
DA:49,1
DA:51,5
DA:52,1
DA:54,2
DA:55,1
DA:56,2
DA:57,2
DA:58,1
DA:60,5
DA:61,1
DA:62,1
DA:63,1
DA:64,1
DA:66,5
DA:67,1
DA:69,5
DA:70,1
DA:72,2
DA:73,1
DA:75,1
DA:76,1
DA:78,1
DA:79,1
DA:80,1
DA:82,2
DA:83,1
DA:84,1
DA:85,1
DA:86,1
DA:87,1
DA:89,2
DA:90,1
DA:91,2
DA:92,2
DA:93,2
DA:94,1
DA:96,3
DA:97,1
DA:98,1
DA:99,1
DA:101,3
DA:102,1
DA:104,3
DA:105,1
DA:107,2
DA:108,1
DA:109,2
DA:110,2
DA:111,1
DA:113,3
DA:114,1
DA:115,1
DA:117,3
DA:118,3
DA:119,1
DA:121,3
DA:122,3
DA:123,1
DA:125,2
DA:126,1
DA:127,2
DA:128,2
DA:129,2
DA:130,1
DA:132,3
DA:133,1
DA:134,1
DA:135,1
DA:137,3
DA:138,3
DA:140,3
DA:141,1
DA:142,1
DA:144,2
DA:145,1
DA:146,2
DA:147,2
DA:148,1
DA:150,1
DA:151,1
DA:152,1
DA:153,1
DA:154,1
DA:156,3
DA:157,3
DA:158,3
DA:159,1
DA:161,2
DA:162,1
DA:163,2
DA:164,2
DA:165,2
DA:167,1
DA:169,1
DA:170,1
DA:172,1
DA:173,1
DA:174,1
DA:176,1
DA:178,1
DA:179,1
DA:180,1
DA:181,1
DA:183,2
DA:184,1
DA:185,2
DA:186,1
DA:188,1
DA:190,1
DA:191,1
DA:193,1
DA:194,1
DA:195,1
DA:197,2
DA:198,1
DA:200,5
DA:201,5
DA:202,3
DA:203,3
DA:204,3
DA:206,1
DA:207,3
DA:208,3
DA:209,3
DA:210,1
DA:213,2
DA:214,1
DA:215,2
DA:216,2
DA:217,1
DA:219,3
DA:221,1
DA:222,3
DA:224,1
DA:225,1
DA:226,1
DA:228,1
DA:229,1
DA:231,2
DA:232,1
DA:234,3
DA:236,1
DA:237,3
DA:239,1
DA:241,1
DA:242,1
DA:244,2
DA:245,1
DA:246,101
DA:247,100
DA:250,3
DA:252,1
DA:253,3
DA:255,101
DA:256,100
DA:259,1
DA:260,1
DA:262,2
DA:263,1
DA:264,3
DA:265,1
DA:267,2
DA:268,1
DA:269,2
DA:270,2
DA:271,2
DA:273,1
DA:275,1
DA:276,1
DA:278,1
DA:279,1
DA:280,1
DA:282,4
DA:283,3
DA:284,3
DA:285,3
DA:286,3
DA:289,1
DA:290,1
DA:291,1
DA:293,1
DA:294,1
LF:214
LH:214
end_of_record
