TN:
SF:/home/amans/Desktop/LABS_SECOND_SEM/3laba/try_html/test_coverage.cpp
FNL:0,13,15
FNA:0,3,_Z7is_eveni
FNL:1,18,24
FNA:1,1,_ZL23test_arithmetic_invokerv
FNA:1,1,_ZN15test_arithmetic11test_methodEv
FNL:2,26,30
FNA:2,1,_ZL18test_logic_invokerv
FNA:2,1,_ZN10test_logic11test_methodEv
FNL:3,33,36
FNA:3,1,_ZL29test_expected_failure_invokerv
FNA:3,1,_ZN21test_expected_failure11test_methodEv
FNL:4,5,7
FNA:4,2,_Z3addii
FNL:5,9,11
FNA:5,2,_Z8multiplyii
FNF:6
FNH:6
DA:5,2
DA:6,2
DA:9,2
DA:10,2
DA:13,3
DA:14,3
DA:18,2
DA:19,1
DA:20,1
DA:22,1
DA:23,1
DA:24,1
DA:26,2
DA:27,1
DA:28,1
DA:29,1
DA:30,1
DA:33,2
DA:36,1
LF:19
LH:19
end_of_record
