TN:
SF:/home/amans/Desktop/LABS_SECOND_SEM/3laba/Stack/Stack.cpp
FNL:0,101,117
FNA:0,3,_ZNK5Stack17serializeToBinaryERKNSt7__cxx1112basic_stringIcSt11char_traitsIcESaIcEEE
FNL:1,119,142
FNA:1,3,_ZN5Stack21deserializeFromBinaryERKNSt7__cxx1112basic_stringIcSt11char_traitsIcESaIcEEE
FNL:2,144,149
FNA:2,6,_ZN5Stack5clearEv
FNL:3,151,163
FNA:3,2,_ZNK5Stack5printEv
FNL:4,165,171
FNA:4,4,_ZNK5Stack14checkIntegrityEv
FNL:5,23,38
FNA:5,1089,_ZN5Stack14shrinkIfNeededEv
FNL:6,40,43
FNA:6,20,_ZN5StackC2Ei
FNL:7,45,47
FNA:7,20,_ZN5StackD2Ev
FNL:8,50,53
FNA:8,2150,_ZN5Stack4pushERKNSt7__cxx1112basic_stringIcSt11char_traitsIcESaIcEEE
FNL:9,55,63
FNA:9,1090,_ZN5Stack3popB5cxx11Ev
FNL:10,65,70
FNA:10,5,_ZNK5Stack3topB5cxx11Ev
FNL:11,72,72
FNA:11,14,_ZNK5Stack7getSizeEv
FNL:12,73,73
FNA:12,8,_ZNK5Stack11getCapacityEv
FNL:13,74,74
FNA:13,4,_ZNK5Stack7isEmptyEv
FNL:14,76,88
FNA:14,2,_ZN5Stack12readFromFileERKNSt7__cxx1112basic_stringIcSt11char_traitsIcESaIcEEE
FNL:15,8,21
FNA:15,2150,_ZN5Stack12growIfNeededEv
FNL:16,90,99
FNA:16,1,_ZN5Stack11writeToFileERKNSt7__cxx1112basic_stringIcSt11char_traitsIcESaIcEEE
FNF:17
FNH:17
DA:8,2150
DA:9,2150
DA:11,21
DA:12,4931
DA:14,2476
DA:15,2455
DA:18,2476
DA:19,21
DA:20,21
DA:23,1089
DA:24,1089
DA:25,1082
DA:27,12
DA:28,12
DA:30,1126
DA:31,555
DA:32,543
DA:35,2237
DA:36,12
DA:37,12
DA:40,20
DA:41,20
DA:42,255
DA:43,20
DA:45,20
DA:46,1563
DA:47,20
DA:50,2150
DA:51,2150
DA:52,2150
DA:53,2150
DA:55,1090
DA:56,1090
DA:57,1
DA:60,1089
DA:61,1089
DA:62,1089
DA:63,0
DA:65,5
DA:66,5
DA:67,1
DA:69,4
DA:72,14
DA:73,8
DA:74,4
DA:76,2
DA:77,2
DA:79,2
DA:80,2
DA:82,1
DA:83,4
DA:84,3
DA:87,1
DA:88,2
DA:90,1
DA:91,1
DA:93,4
DA:94,3
DA:95,3
DA:98,1
DA:99,1
DA:101,3
DA:102,3
DA:103,3
DA:106,3
DA:109,1006
DA:110,1003
DA:111,1003
DA:112,1003
DA:115,3
DA:116,3
DA:117,3
DA:119,3
DA:120,3
DA:121,3
DA:123,3
DA:126,3
DA:127,3
DA:130,1006
DA:131,1003
DA:132,1003
DA:134,1003
DA:135,1003
DA:137,1003
DA:138,1003
DA:140,3
DA:141,3
DA:142,3
DA:144,6
DA:145,66
DA:146,30
DA:147,6
DA:148,6
DA:149,6
DA:151,2
DA:152,2
DA:153,1
DA:154,1
DA:157,1
DA:158,4
DA:159,3
DA:160,3
DA:162,1
DA:165,4
DA:166,4
DA:167,4
DA:168,4
DA:169,4
DA:170,4
LF:109
LH:108
end_of_record
TN:
SF:/home/amans/Desktop/LABS_SECOND_SEM/3laba/Stack/test_stack.cpp
FNL:0,117,138
FNA:0,1,_ZL28test_file_operations_invokerv
FNA:0,1,_ZN20test_file_operations11test_methodEv
FNL:1,140,157
FNA:1,1,_ZL33test_binary_serialization_invokerv
FNA:1,1,_ZN25test_binary_serialization11test_methodEv
FNL:2,159,168
FNA:2,1,_ZL25test_binary_empty_invokerv
FNA:2,1,_ZN17test_binary_empty11test_methodEv
FNL:3,170,187
FNA:3,1,_ZL25test_binary_large_invokerv
FNA:3,1,_ZN17test_binary_large11test_methodEv
FNL:4,189,202
FNA:4,1,_ZL18test_print_invokerv
FNA:4,1,_ZN10test_print11test_methodEv
FNL:5,21,39
FNA:5,1,_ZL21test_push_pop_invokerv
FNA:5,1,_ZN13test_push_pop11test_methodEv
FNL:6,41,44
FNA:6,1,_ZL22test_pop_empty_invokerv
FNA:6,1,_ZN14test_pop_empty11test_methodEv
FNL:7,46,57
FNA:7,1,_ZL16test_top_invokerv
FNA:7,1,_ZN8test_top11test_methodEv
FNL:8,59,62
FNA:8,1,_ZL22test_top_empty_invokerv
FNA:8,1,_ZN14test_top_empty11test_methodEv
FNL:9,64,76
FNA:9,1,_ZL28test_capacity_growth_invokerv
FNA:9,1,_ZN20test_capacity_growth11test_methodEv
FNL:10,78,96
FNA:10,1,_ZL28test_capacity_shrink_invokerv
FNA:10,1,_ZN20test_capacity_shrink11test_methodEv
FNL:11,9,19
FNA:11,1,_ZL35test_constructor_destructor_invokerv
FNA:11,1,_ZN27test_constructor_destructor11test_methodEv
FNL:12,98,115
FNA:12,1,_ZL18test_clear_invokerv
FNA:12,1,_ZN10test_clear11test_methodEv
FNF:13
FNH:13
DA:9,2
DA:10,1
DA:11,1
DA:12,1
DA:13,1
DA:14,1
DA:16,1
DA:17,1
DA:18,1
DA:19,1
DA:21,2
DA:22,1
DA:24,1
DA:25,1
DA:26,1
DA:28,1
DA:29,1
DA:31,1
DA:32,1
DA:33,1
DA:35,1
DA:36,1
DA:37,1
DA:38,1
DA:39,1
DA:41,2
DA:42,1
DA:43,1
DA:44,1
DA:46,2
DA:47,1
DA:49,1
DA:50,1
DA:52,1
DA:53,1
DA:55,1
DA:56,1
DA:57,1
DA:59,2
DA:60,1
DA:61,1
DA:62,1
DA:64,2
DA:65,1
DA:66,1
DA:69,21
DA:70,20
DA:73,1
DA:74,1
DA:75,1
DA:76,1
DA:78,2
DA:79,1
DA:82,101
DA:83,100
DA:86,1
DA:89,81
DA:90,80
DA:93,1
DA:94,1
DA:95,1
DA:96,1
DA:98,2
DA:99,1
DA:101,11
DA:102,10
DA:105,1
DA:106,1
DA:107,1
DA:108,1
DA:109,1
DA:112,1
DA:113,1
DA:114,1
DA:115,1
DA:117,2
DA:118,1
DA:119,2
DA:120,2
DA:121,2
DA:123,1
DA:125,1
DA:126,1
DA:128,1
DA:129,1
DA:130,1
DA:131,1
DA:133,1
DA:135,1
DA:136,1
DA:137,1
DA:138,1
DA:140,2
DA:141,1
DA:142,2
DA:143,2
DA:144,1
DA:146,3
DA:148,1
DA:149,3
DA:151,1
DA:152,1
DA:153,1
DA:154,1
DA:156,1
DA:157,1
DA:159,2
DA:160,1
DA:161,3
DA:163,1
DA:164,3
DA:165,1
DA:167,1
DA:168,1
DA:170,2
DA:171,1
DA:172,1001
DA:173,1000
DA:176,3
DA:178,1
DA:179,3
DA:181,1
DA:182,1001
DA:183,1000
DA:186,1
DA:187,1
DA:189,2
DA:190,1
DA:191,2
DA:192,2
DA:193,1
DA:196,1
DA:198,1
DA:199,1
DA:201,1
DA:202,1
LF:136
LH:136
end_of_record
