TN:
SF:/home/amans/Desktop/2course/LABS_SECOND_SEM/3laba/DoubleLinkedList/DoubleLinked.cpp
FNL:0,10,10
FNA:0,10461,_ZNK5DNode7getNextEv
FNL:1,111,123
FNA:1,6,_ZN16DoubleLinkedList11removeAfterERKNSt7__cxx1112basic_stringIcSt11char_traitsIcESaIcEEE
FNL:2,12,12
FNA:2,0,_ZN5DNode8setValueERKNSt7__cxx1112basic_stringIcSt11char_traitsIcESaIcEEE
FNL:3,125,130
FNA:3,223,_ZNK16DoubleLinkedList7getNodeEi
FNL:4,13,13
FNA:4,233,_ZN5DNode7setPrevEPS_
FNL:5,132,132
FNA:5,18,_ZNK16DoubleLinkedList7getHeadEv
FNL:6,133,133
FNA:6,12,_ZNK16DoubleLinkedList7getTailEv
FNL:7,135,139
FNA:7,3,_ZNK16DoubleLinkedList9findValueERKNSt7__cxx1112basic_stringIcSt11char_traitsIcESaIcEEE
FNL:8,14,14
FNA:8,232,_ZN5DNode7setNextEPS_
FNL:9,141,151
FNA:9,1,_ZNK16DoubleLinkedList9printListEv
FNL:10,153,161
FNA:10,2,_ZN16DoubleLinkedList12readFromFileERKNSt7__cxx1112basic_stringIcSt11char_traitsIcESaIcEEE
FNL:11,16,16
FNA:11,23,_ZN16DoubleLinkedListC2Ev
FNL:12,163,172
FNA:12,1,_ZN16DoubleLinkedList11writeToFileERKNSt7__cxx1112basic_stringIcSt11char_traitsIcESaIcEEE
FNL:13,174,190
FNA:13,3,_ZNK16DoubleLinkedList17serializeToBinaryERKNSt7__cxx1112basic_stringIcSt11char_traitsIcESaIcEEE
FNL:14,18,18
FNA:14,23,_ZN16DoubleLinkedListD2Ev
FNL:15,192,213
FNA:15,4,_ZN16DoubleLinkedList21deserializeFromBinaryERKNSt7__cxx1112basic_stringIcSt11char_traitsIcESaIcEEE
FNL:16,20,25
FNA:16,4,_ZN16DoubleLinkedList7addHeadERKNSt7__cxx1112basic_stringIcSt11char_traitsIcESaIcEEE
FNL:17,215,217
FNA:17,30,_ZN16DoubleLinkedList5clearEv
FNL:18,219,241
FNA:18,3,_ZNK16DoubleLinkedList14checkIntegrityEv
FNL:19,27,32
FNA:19,241,_ZN16DoubleLinkedList7addTailERKNSt7__cxx1112basic_stringIcSt11char_traitsIcESaIcEEE
FNL:20,34,44
FNA:20,4,_ZN16DoubleLinkedList9addBeforeERKNSt7__cxx1112basic_stringIcSt11char_traitsIcESaIcEEES7_
FNL:21,46,56
FNA:21,4,_ZN16DoubleLinkedList8addAfterERKNSt7__cxx1112basic_stringIcSt11char_traitsIcESaIcEEES7_
FNL:22,5,6
FNA:22,249,_ZN5DNodeC2ERKNSt7__cxx1112basic_stringIcSt11char_traitsIcESaIcEEEPS_S8_
FNL:23,58,68
FNA:23,242,_ZN16DoubleLinkedList10removeHeadEv
FNL:24,70,80
FNA:24,2,_ZN16DoubleLinkedList10removeTailEv
FNL:25,8,8
FNA:25,505,_ZNK5DNode8getValueB5cxx11Ev
FNL:26,82,95
FNA:26,5,_ZN16DoubleLinkedList11removeValueERKNSt7__cxx1112basic_stringIcSt11char_traitsIcESaIcEEE
FNL:27,9,9
FNA:27,45,_ZNK5DNode7getPrevEv
FNL:28,97,109
FNA:28,7,_ZN16DoubleLinkedList12removeBeforeERKNSt7__cxx1112basic_stringIcSt11char_traitsIcESaIcEEE
FNF:29
FNH:28
DA:5,249
DA:6,249
DA:8,505
DA:9,45
DA:10,10461
DA:12,0
DA:13,233
DA:14,232
DA:16,23
DA:18,23
DA:20,4
DA:21,4
DA:22,4
DA:23,4
DA:24,4
DA:25,4
DA:27,241
DA:28,241
DA:29,241
DA:30,241
DA:31,241
DA:32,241
DA:34,4
DA:35,4
DA:36,10
DA:37,4
DA:39,2
DA:40,2
DA:41,1
DA:42,2
DA:43,2
DA:46,4
DA:47,4
DA:48,13
DA:49,4
DA:51,2
DA:52,2
DA:53,1
DA:54,2
DA:55,2
DA:58,242
DA:59,242
DA:61,241
DA:62,241
DA:63,241
DA:64,18
DA:66,241
DA:67,241
DA:70,2
DA:71,2
DA:73,1
DA:74,1
DA:75,1
DA:76,0
DA:78,1
DA:79,1
DA:82,5
DA:83,5
DA:84,9
DA:85,5
DA:87,3
DA:88,2
DA:90,3
DA:91,1
DA:93,3
DA:94,3
DA:97,7
DA:98,7
DA:99,10
DA:100,7
DA:102,2
DA:103,2
DA:104,2
DA:106,2
DA:107,2
DA:108,2
DA:111,6
DA:112,6
DA:113,12
DA:114,6
DA:116,2
DA:117,2
DA:118,0
DA:120,2
DA:121,2
DA:122,2
DA:125,223
DA:126,223
DA:127,222
DA:128,10147
DA:129,222
DA:132,18
DA:133,12
DA:135,3
DA:136,3
DA:137,8
DA:138,3
DA:141,1
DA:142,1
DA:143,1
DA:144,3
DA:145,2
DA:146,2
DA:147,2
DA:148,2
DA:150,1
DA:151,1
DA:153,2
DA:154,2
DA:155,2
DA:157,1
DA:158,1
DA:159,4
DA:160,1
DA:161,2
DA:163,1
DA:164,1
DA:165,1
DA:166,4
DA:167,3
DA:168,3
DA:169,3
DA:171,1
DA:172,1
DA:174,3
DA:175,3
DA:176,3
DA:178,3
DA:179,106
DA:180,3
DA:182,106
DA:183,103
DA:184,103
DA:185,103
DA:188,3
DA:189,3
DA:190,3
DA:192,4
DA:193,4
DA:194,4
DA:196,3
DA:198,3
DA:199,3
DA:201,106
DA:202,103
DA:203,103
DA:205,103
DA:206,103
DA:208,103
DA:209,103
DA:211,3
DA:212,3
DA:213,4
DA:215,30
DA:216,269
DA:217,30
DA:219,3
DA:220,3
DA:221,2
DA:224,2
DA:225,2
DA:226,7
DA:227,5
DA:228,5
DA:229,5
DA:230,5
DA:234,2
DA:235,7
DA:236,5
DA:237,5
DA:240,2
LF:171
LH:168
end_of_record
TN:
SF:/home/amans/Desktop/2course/LABS_SECOND_SEM/3laba/DoubleLinkedList/test_dlist.cpp
FNL:0,113,130
FNA:0,1,_ZL26test_remove_before_invokerv
FNA:0,1,_ZN18test_remove_before11test_methodEv
FNL:1,132,149
FNA:1,1,_ZL25test_remove_after_invokerv
FNA:1,1,_ZN17test_remove_after11test_methodEv
FNL:2,151,166
FNA:2,1,_ZL26test_get_node_find_invokerv
FNA:2,1,_ZN18test_get_node_find11test_methodEv
FNL:3,168,188
FNA:3,1,_ZL28test_file_operations_invokerv
FNA:3,1,_ZN20test_file_operations11test_methodEv
FNL:4,18,36
FNA:4,1,_ZL26test_add_head_tail_invokerv
FNA:4,1,_ZN18test_add_head_tail11test_methodEv
FNL:5,190,203
FNA:5,1,_ZL24test_print_clear_invokerv
FNA:5,1,_ZN16test_print_clear11test_methodEv
FNL:6,205,218
FNA:6,1,_ZL23test_edge_cases_invokerv
FNA:6,1,_ZN15test_edge_cases11test_methodEv
FNL:7,220,236
FNA:7,1,_ZL39test_binary_serialization_basic_invokerv
FNA:7,1,_ZN31test_binary_serialization_basic11test_methodEv
FNL:8,238,250
FNA:8,1,_ZL39test_binary_serialization_empty_invokerv
FNA:8,1,_ZN31test_binary_serialization_empty11test_methodEv
FNL:9,252,268
FNA:9,1,_ZL39test_binary_serialization_large_invokerv
FNA:9,1,_ZN31test_binary_serialization_large11test_methodEv
FNL:10,270,273
FNA:10,1,_ZL43test_binary_deserialize_nonexistent_invokerv
FNA:10,1,_ZN35test_binary_deserialize_nonexistent11test_methodEv
FNL:11,275,289
FNA:11,1,_ZL28test_integrity_check_invokerv
FNA:11,1,_ZN20test_integrity_check11test_methodEv
FNL:12,38,55
FNA:12,1,_ZL23test_add_before_invokerv
FNA:12,1,_ZN15test_add_before11test_methodEv
FNL:13,57,74
FNA:13,1,_ZL22test_add_after_invokerv
FNA:13,1,_ZN14test_add_after11test_methodEv
FNL:14,76,93
FNA:14,1,_ZL29test_remove_head_tail_invokerv
FNA:14,1,_ZN21test_remove_head_tail11test_methodEv
FNL:15,8,16
FNA:15,1,_ZL35test_constructor_destructor_invokerv
FNA:15,1,_ZN27test_constructor_destructor11test_methodEv
FNL:16,95,111
FNA:16,1,_ZL25test_remove_value_invokerv
FNA:16,1,_ZN17test_remove_value11test_methodEv
FNF:17
FNH:17
DA:8,2
DA:9,1
DA:10,1
DA:11,1
DA:13,1
DA:14,2
DA:15,1
DA:16,1
DA:18,2
DA:19,1
DA:21,1
DA:22,1
DA:23,1
DA:24,1
DA:26,1
DA:27,1
DA:28,1
DA:29,1
DA:30,1
DA:32,1
DA:33,1
DA:34,1
DA:35,1
DA:36,1
DA:38,2
DA:39,1
DA:40,2
DA:41,2
DA:42,1
DA:44,5
DA:45,1
DA:46,1
DA:47,1
DA:48,1
DA:49,1
DA:51,5
DA:52,1
DA:54,5
DA:55,1
DA:57,2
DA:58,1
DA:59,2
DA:60,2
DA:61,1
DA:63,5
DA:64,1
DA:65,1
DA:66,1
DA:67,1
DA:68,1
DA:70,5
DA:71,1
DA:73,5
DA:74,1
DA:76,2
DA:77,1
DA:79,1
DA:80,1
DA:82,1
DA:83,1
DA:84,1
DA:85,1
DA:87,2
DA:88,1
DA:89,1
DA:90,1
DA:91,1
DA:92,1
DA:93,1
DA:95,2
DA:96,1
DA:97,2
DA:98,2
DA:99,2
DA:100,1
DA:102,3
DA:103,1
DA:104,1
DA:105,1
DA:107,3
DA:108,1
DA:110,3
DA:111,1
DA:113,2
DA:114,1
DA:115,2
DA:116,2
DA:117,1
DA:119,3
DA:120,1
DA:121,1
DA:122,1
DA:124,3
DA:125,3
DA:126,1
DA:128,3
DA:129,3
DA:130,1
DA:132,2
DA:133,1
DA:134,2
DA:135,2
DA:136,2
DA:137,1
DA:139,3
DA:140,1
DA:141,1
DA:142,1
DA:144,3
DA:145,3
DA:147,3
DA:148,1
DA:149,1
DA:151,2
DA:152,1
DA:153,2
DA:154,2
DA:155,1
DA:157,1
DA:158,1
DA:159,1
DA:160,1
DA:161,1
DA:163,3
DA:164,3
DA:165,3
DA:166,1
DA:168,2
DA:169,1
DA:170,2
DA:171,2
DA:172,2
DA:174,1
DA:176,1
DA:177,1
DA:179,1
DA:180,1
DA:181,1
DA:183,1
DA:185,1
DA:186,1
DA:187,1
DA:188,1
DA:190,2
DA:191,1
DA:192,2
DA:193,1
DA:195,1
DA:197,1
DA:198,1
DA:199,1
DA:201,1
DA:202,1
DA:203,1
DA:205,2
DA:206,1
DA:208,5
DA:209,5
DA:210,3
DA:211,3
DA:212,3
DA:214,1
DA:215,3
DA:216,3
DA:217,3
DA:218,1
DA:220,2
DA:221,1
DA:222,2
DA:223,2
DA:224,1
DA:226,3
DA:228,1
DA:229,3
DA:231,1
DA:232,1
DA:233,1
DA:235,1
DA:236,1
DA:238,2
DA:239,1
DA:241,3
DA:243,1
DA:244,3
DA:246,1
DA:247,1
DA:249,1
DA:250,1
DA:252,2
DA:253,1
DA:254,101
DA:255,100
DA:258,3
DA:260,1
DA:261,3
DA:263,101
DA:264,100
DA:267,1
DA:268,1
DA:270,2
DA:271,1
DA:272,3
DA:273,1
DA:275,2
DA:276,1
DA:277,2
DA:278,2
DA:279,1
DA:281,1
DA:284,1
DA:285,1
DA:287,1
DA:288,1
DA:289,1
LF:214
LH:214
end_of_record
