TN:
SF:/home/amans/Desktop/2course/LABS_SECOND_SEM/3laba/RBtree/RBTree.cpp
FNL:0,10,10
FNA:0,5,_ZNK6RBNode8getColorEv
FNL:1,102,139
FNA:1,1756,_ZN6RBTree11insertFixupEP6RBNode
FNL:2,11,11
FNA:2,4,_ZNK6RBNode7getLeftEv
FNL:3,12,12
FNA:3,1,_ZNK6RBNode8getRightEv
FNL:4,13,13
FNA:4,3,_ZNK6RBNode9getParentEv
FNL:5,141,149
FNA:5,4622,_ZNK6RBTree8findNodeEi
FNL:6,15,15
FNA:6,1,_ZN6RBNode8setValueEi
FNL:7,151,153
FNA:7,1034,_ZNK6RBTree8containsEi
FNL:8,155,158
FNA:8,312,_ZNK6RBTree7minimumEP6RBNode
FNL:9,16,16
FNA:9,1,_ZN6RBNode8setColorE5Color
FNL:10,160,166
FNA:10,926,_ZN6RBTree10transplantEP6RBNodeS1_
FNL:11,168,221
FNA:11,461,_ZN6RBTree11deleteFixupEP6RBNode
FNL:12,17,17
FNA:12,1,_ZN6RBNode7setLeftEPS_
FNL:13,18,18
FNA:13,1,_ZN6RBNode8setRightEPS_
FNL:14,19,19
FNA:14,3,_ZN6RBNode9setParentEPS_
FNL:15,21,25
FNA:15,24,_ZN6RBTreeC2Ev
FNL:16,223,259
FNA:16,1477,_ZN6RBTree6removeEi
FNL:17,261,267
FNA:17,29,_ZNK6RBTree8printRecEP6RBNodei
FNL:18,269,272
FNA:18,3,_ZNK6RBTree9printTreeEv
FNL:19,27,30
FNA:19,24,_ZN6RBTreeD2Ev
FNL:20,274,279
FNA:20,11,_ZNK6RBTree10inorderRecEP6RBNode
FNL:21,281,284
FNA:21,1,_ZNK6RBTree12inorderPrintEv
FNL:22,286,294
FNA:22,1,_ZN6RBTree12readFromFileERKNSt7__cxx1112basic_stringIcSt11char_traitsIcESaIcEEE
FNL:23,296,301
FNA:23,11,_ZNK6RBTree10inorderRecEP6RBNodeRSt14basic_ofstreamIcSt11char_traitsIcEE
FNL:24,303,307
FNA:24,1,_ZN6RBTree11writeToFileERKNSt7__cxx1112basic_stringIcSt11char_traitsIcESaIcEEE
FNL:25,309,337
FNA:25,3,_ZNK6RBTree17serializeToBinaryERKNSt7__cxx1112basic_stringIcSt11char_traitsIcESaIcEEE
FNL:26,313,321
FNA:26,16,_ZZNK6RBTree17serializeToBinaryERKNSt7__cxx1112basic_stringIcSt11char_traitsIcESaIcEEEENKUlP6RBNodeE_clES9_
FNL:27,32,32
FNA:27,2,_ZNK6RBTree7getRootEv
FNL:28,324,329
FNA:28,16,_ZZNK6RBTree17serializeToBinaryERKNSt7__cxx1112basic_stringIcSt11char_traitsIcESaIcEEEENKUlP6RBNodeE0_clES9_
FNL:29,339,356
FNA:29,2,_ZN6RBTree21deserializeFromBinaryERKNSt7__cxx1112basic_stringIcSt11char_traitsIcESaIcEEE
FNL:30,34,37
FNA:30,29,_ZN6RBTree5clearEv
FNL:31,358,383
FNA:31,543,_ZNK6RBTree17checkRBPropertiesEv
FNL:32,365,380
FNA:32,713858,_ZZNK6RBTree17checkRBPropertiesEvENKUlP6RBNodeibE_clES1_ib
FNL:33,39,44
FNA:33,2029,_ZN6RBTree8clearRecEP6RBNode
FNL:34,46,48
FNA:34,5,_ZNK6RBTree7isEmptyEv
FNL:35,50,72
FNA:35,2111,_ZN6RBTree6insertEi
FNL:36,6,7
FNA:36,2138,_ZN6RBNodeC2Ei5ColorPS_S1_S1_
FNL:37,74,86
FNA:37,599,_ZN6RBTree10leftRotateEP6RBNode
FNL:38,88,100
FNA:38,607,_ZN6RBTree11rightRotateEP6RBNode
FNL:39,9,9
FNA:39,5,_ZNK6RBNode8getValueEv
FNF:40
FNH:40
DA:6,2138
DA:7,2138
DA:9,5
DA:10,5
DA:11,4
DA:12,1
DA:13,3
DA:15,1
DA:16,1
DA:17,1
DA:18,1
DA:19,3
DA:21,24
DA:22,24
DA:23,24
DA:24,24
DA:25,24
DA:27,24
DA:28,24
DA:29,24
DA:30,24
DA:32,2
DA:34,29
DA:35,29
DA:36,29
DA:37,29
DA:39,2029
DA:40,2029
DA:41,1000
DA:42,1000
DA:43,1000
DA:46,5
DA:47,5
DA:50,2111
DA:51,2111
DA:52,2111
DA:53,2111
DA:55,2111
DA:57,355
DA:60,15958
DA:61,14202
DA:62,14202
DA:63,7183
DA:66,1756
DA:67,1756
DA:68,1734
DA:69,861
DA:71,1756
DA:74,599
DA:75,599
DA:76,599
DA:77,599
DA:78,599
DA:80,599
DA:81,595
DA:82,199
DA:84,599
DA:85,599
DA:86,599
DA:88,607
DA:89,607
DA:90,607
DA:91,607
DA:92,607
DA:94,607
DA:95,601
DA:96,394
DA:98,607
DA:99,607
DA:100,607
DA:102,1756
DA:103,3185
DA:104,1429
DA:105,733
DA:106,733
DA:107,411
DA:108,411
DA:109,411
DA:110,411
DA:112,322
DA:113,177
DA:114,177
DA:116,322
DA:117,322
DA:118,322
DA:121,696
DA:122,696
DA:123,396
DA:124,396
DA:125,396
DA:126,396
DA:128,300
DA:129,160
DA:130,160
DA:132,300
DA:133,300
DA:134,300
DA:138,1756
DA:139,1756
DA:141,4622
DA:142,4622
DA:143,40172
DA:144,36995
DA:145,35550
DA:146,18130
DA:148,3177
DA:151,1034
DA:152,1034
DA:155,312
DA:156,636
DA:157,312
DA:160,926
DA:161,926
DA:162,924
DA:163,386
DA:165,926
DA:166,926
DA:168,461
DA:169,820
DA:170,359
DA:171,175
DA:172,175
DA:173,18
DA:174,18
DA:175,18
DA:176,18
DA:178,175
DA:179,99
DA:180,99
DA:182,76
DA:183,30
DA:184,30
DA:185,30
DA:186,30
DA:188,76
DA:189,76
DA:190,76
DA:191,76
DA:192,76
DA:195,184
DA:196,184
DA:197,24
DA:198,24
DA:199,24
DA:200,24
DA:202,184
DA:203,113
DA:204,113
DA:206,71
DA:207,28
DA:208,28
DA:209,28
DA:210,28
DA:212,71
DA:213,71
DA:214,71
DA:215,71
DA:216,71
DA:220,461
DA:221,461
DA:223,1477
DA:224,1477
DA:225,1477
DA:227,756
DA:228,756
DA:231,756
DA:232,379
DA:233,379
DA:234,377
DA:235,65
DA:236,65
DA:238,312
DA:239,312
DA:240,312
DA:241,312
DA:242,142
DA:244,170
DA:245,170
DA:246,170
DA:248,312
DA:249,312
DA:250,312
DA:251,312
DA:254,756
DA:255,756
DA:256,461
DA:258,756
DA:261,29
DA:262,29
DA:263,13
DA:264,13
DA:265,13
DA:266,13
DA:269,3
DA:270,3
DA:271,3
DA:272,3
DA:274,11
DA:275,11
DA:276,5
DA:277,5
DA:278,5
DA:281,1
DA:282,1
DA:283,1
DA:284,1
DA:286,1
DA:287,1
DA:288,1
DA:289,1
DA:292,6
DA:293,1
DA:294,1
DA:296,11
DA:297,11
DA:298,5
DA:299,5
DA:300,5
DA:303,1
DA:304,1
DA:305,1
DA:306,1
DA:307,1
DA:309,3
DA:310,3
DA:311,3
DA:313,0
DA:314,16
DA:316,7
DA:317,7
DA:319,7
DA:320,7
DA:321,2
DA:323,2
DA:324,0
DA:325,16
DA:326,7
DA:327,7
DA:328,7
DA:329,2
DA:330,2
DA:332,2
DA:333,2
DA:335,2
DA:336,2
DA:337,3
DA:339,2
DA:340,2
DA:341,2
DA:343,2
DA:345,2
DA:346,2
DA:348,9
DA:349,7
DA:350,7
DA:351,7
DA:354,2
DA:355,2
DA:356,2
DA:358,543
DA:359,543
DA:361,540
DA:363,540
DA:365,0
DA:366,713858
DA:367,357199
DA:368,540
DA:369,540
DA:371,356659
DA:374,356659
DA:376,356659
DA:378,713318
DA:379,713318
DA:380,540
DA:382,540
DA:383,540
LF:276
LH:273
end_of_record
TN:
SF:/home/amans/Desktop/2course/LABS_SECOND_SEM/3laba/RBtree/test_rbtree.cpp
FNL:0,115,121
FNA:0,1,_ZL31test_remove_nonexistent_invokerv
FNA:0,1,_ZN23test_remove_nonexistent11test_methodEv
FNL:1,12,18
FNA:1,2,_Z13captureOutputB5cxx11St8functionIFvvEE
FNL:2,123,142
FNA:2,1,_ZL39test_large_random_insert_remove_invokerv
FNA:2,1,_ZN31test_large_random_insert_remove11test_methodEv
FNL:3,144,156
FNA:3,1,_ZL33test_clear_multiple_times_invokerv
FNA:3,1,_ZN25test_clear_multiple_times11test_methodEv
FNL:4,158,170
FNA:4,1,_ZL23test_print_tree_invokerv
FNA:4,1,_ZN15test_print_tree11test_methodEv
FNL:5,166,166
FNA:5,1,_ZZN15test_print_tree11test_methodEvENKUlvE_clEv
FNL:6,172,182
FNA:6,1,_ZL26test_inorder_print_invokerv
FNA:6,1,_ZN18test_inorder_print11test_methodEv
FNL:7,180,180
FNA:7,1,_ZZN18test_inorder_print11test_methodEvENKUlvE_clEv
FNL:8,184,193
FNA:8,1,_ZL29test_rbnode_accessors_invokerv
FNA:8,1,_ZN21test_rbnode_accessors11test_methodEv
FNL:9,195,215
FNA:9,1,_ZL36test_stress_mixed_operations_invokerv
FNA:9,1,_ZN28test_stress_mixed_operations11test_methodEv
FNL:10,20,29
FNA:10,1,_ZL35test_constructor_destructor_invokerv
FNA:10,1,_ZN27test_constructor_destructor11test_methodEv
FNL:11,217,228
FNA:11,1,_ZL33test_print_tree_structure_invokerv
FNA:11,1,_ZN25test_print_tree_structure11test_methodEv
FNL:12,231,253
FNA:12,1,_ZL28test_write_read_file_invokerv
FNA:12,1,_ZN20test_write_read_file11test_methodEv
FNL:13,264,290
FNA:13,1,_ZL38test_binary_serialization_full_invokerv
FNA:13,1,_ZN30test_binary_serialization_full11test_methodEv
FNL:14,293,303
FNA:14,1,_ZL39test_binary_serialization_empty_invokerv
FNA:14,1,_ZN31test_binary_serialization_empty11test_methodEv
FNL:15,306,311
FNA:15,1,_ZL29test_binary_open_fail_invokerv
FNA:15,1,_ZN21test_binary_open_fail11test_methodEv
FNL:16,31,37
FNA:16,1,_ZL26test_insert_single_invokerv
FNA:16,1,_ZN18test_insert_single11test_methodEv
FNL:17,313,320
FNA:17,1,_ZL36test_node_accessors_internal_invokerv
FNA:17,1,_ZN28test_node_accessors_internal11test_methodEv
FNL:18,323,354
FNA:18,1,_ZL49test_rbnode_getters_setters_full_coverage_invokerv
FNA:18,1,_ZN41test_rbnode_getters_setters_full_coverage11test_methodEv
FNL:19,39,51
FNA:19,1,_ZL30test_insert_duplicates_invokerv
FNA:19,1,_ZN22test_insert_duplicates11test_methodEv
FNL:20,53,64
FNA:20,1,_ZL35test_insert_multiple_random_invokerv
FNA:20,1,_ZN27test_insert_multiple_random11test_methodEv
FNL:21,66,84
FNA:21,1,_ZL30test_remove_leaf_nodes_invokerv
FNA:21,1,_ZN22test_remove_leaf_nodes11test_methodEv
FNL:22,86,97
FNA:22,1,_ZL40test_remove_nodes_with_one_child_invokerv
FNA:22,1,_ZN32test_remove_nodes_with_one_child11test_methodEv
FNL:23,99,113
FNA:23,1,_ZL39test_remove_root_multiple_times_invokerv
FNA:23,1,_ZN31test_remove_root_multiple_times11test_methodEv
FNF:24
FNH:24
DA:12,2
DA:13,2
DA:14,2
DA:15,2
DA:16,2
DA:17,4
DA:18,2
DA:20,2
DA:21,1
DA:22,1
DA:25,1
DA:26,1
DA:27,1
DA:28,1
DA:29,1
DA:31,2
DA:32,1
DA:33,1
DA:34,1
DA:35,1
DA:36,1
DA:37,1
DA:39,2
DA:40,1
DA:41,1
DA:42,1
DA:43,1
DA:44,1
DA:45,1
DA:46,1
DA:48,1
DA:49,1
DA:50,1
DA:51,1
DA:53,2
DA:54,1
DA:55,2
DA:57,13
DA:58,11
DA:59,11
DA:60,11
DA:63,1
DA:64,1
DA:66,2
DA:67,1
DA:68,1
DA:69,1
DA:70,1
DA:71,1
DA:72,1
DA:73,1
DA:74,1
DA:76,1
DA:77,1
DA:78,1
DA:79,1
DA:80,1
DA:81,1
DA:82,1
DA:83,1
DA:84,1
DA:86,2
DA:87,1
DA:88,1
DA:89,1
DA:90,1
DA:91,1
DA:92,1
DA:94,1
DA:95,1
DA:96,1
DA:97,1
DA:99,2
DA:100,1
DA:101,1
DA:102,1
DA:103,1
DA:104,1
DA:105,1
DA:107,1
DA:108,1
DA:110,1
DA:111,1
DA:112,1
DA:113,1
DA:115,2
DA:116,1
DA:117,1
DA:118,1
DA:119,1
DA:120,1
DA:121,1
DA:123,2
DA:124,1
DA:125,1
DA:126,1
DA:127,1
DA:129,1001
DA:130,1000
DA:131,1000
DA:132,1000
DA:135,1
DA:137,1
DA:138,501
DA:139,500
DA:140,500
DA:142,1
DA:144,2
DA:145,1
DA:146,1
DA:147,1
DA:148,1
DA:149,1
DA:150,1
DA:152,1
DA:153,1
DA:154,1
DA:155,1
DA:156,1
DA:158,2
DA:159,1
DA:160,1
DA:161,1
DA:162,1
DA:163,1
DA:164,1
DA:166,2
DA:167,1
DA:168,1
DA:169,1
DA:170,1
DA:172,2
DA:173,1
DA:174,1
DA:175,1
DA:176,1
DA:177,1
DA:178,1
DA:180,2
DA:181,1
DA:182,1
DA:184,2
DA:185,1
DA:186,1
DA:188,1
DA:189,1
DA:190,1
DA:191,1
DA:193,1
DA:195,2
DA:196,1
DA:197,1
DA:198,1
DA:199,1
DA:201,3001
DA:202,3000
DA:203,3000
DA:205,3000
DA:206,1972
DA:207,1004
DA:209,3000
DA:210,15
DA:214,1
DA:215,1
DA:217,2
DA:218,1
DA:219,1
DA:220,1
DA:221,1
DA:222,1
DA:223,1
DA:224,1
DA:225,1
DA:227,1
DA:228,1
DA:231,2
DA:232,1
DA:233,1
DA:234,1
DA:235,1
DA:236,1
DA:237,1
DA:239,1
DA:240,1
DA:242,1
DA:243,1
DA:245,1
DA:246,1
DA:247,1
DA:248,1
DA:249,1
DA:250,1
DA:252,1
DA:253,1
DA:264,2
DA:265,1
DA:266,1
DA:267,1
DA:268,1
DA:269,1
DA:270,1
DA:271,1
DA:272,1
DA:274,1
DA:275,1
DA:277,1
DA:278,1
DA:280,1
DA:281,1
DA:282,1
DA:283,1
DA:284,1
DA:285,1
DA:286,1
DA:287,1
DA:289,1
DA:290,1
DA:293,2
DA:294,1
DA:295,1
DA:296,1
DA:298,1
DA:299,1
DA:300,1
DA:302,1
DA:303,1
DA:306,2
DA:307,1
DA:308,1
DA:309,3
DA:310,1
DA:311,1
DA:313,2
DA:314,1
DA:315,1
DA:316,1
DA:317,1
DA:318,1
DA:319,1
DA:320,1
DA:323,2
DA:324,1
DA:325,1
DA:326,1
DA:328,1
DA:329,1
DA:330,1
DA:331,1
DA:332,1
DA:334,1
DA:335,1
DA:337,1
DA:338,1
DA:339,1
DA:340,1
DA:341,1
DA:343,1
DA:344,1
DA:345,1
DA:347,1
DA:348,1
DA:349,1
DA:351,1
DA:352,1
DA:353,1
DA:354,1
LF:266
LH:266
end_of_record
