TN:
SF:/home/amans/Desktop/2course/LABS_SECOND_SEM/3laba/CuckooHash/CuckooHash.cpp
FNL:0,14,14
FNA:0,454,_ZN10CuckooNodeC2Ev
FNL:1,142,154
FNA:1,147,_ZNK15CuckooHashTable6searchB5cxx11Ei
FNL:2,156,172
FNA:2,12,_ZN15CuckooHashTable6removeEi
FNL:3,16,16
FNA:3,124,_ZNK10CuckooNode6getKeyEv
FNL:4,174,196
FNA:4,1,_ZNK15CuckooHashTable5printEv
FNL:5,18,18
FNA:5,101,_ZNK10CuckooNode8getValueB5cxx11Ev
FNL:6,198,204
FNA:6,4,_ZN15CuckooHashTable5clearEv
FNL:7,20,20
FNA:7,486,_ZNK10CuckooNode10isOccupiedEv
FNL:8,206,219
FNA:8,1,_ZN15CuckooHashTable12readFromFileERKNSt7__cxx1112basic_stringIcSt11char_traitsIcESaIcEEE
FNL:9,22,22
FNA:9,97,_ZN10CuckooNode6setKeyEi
FNL:10,221,232
FNA:10,1,_ZN15CuckooHashTable11writeToFileERKNSt7__cxx1112basic_stringIcSt11char_traitsIcESaIcEEE
FNL:11,234,264
FNA:11,2,_ZNK15CuckooHashTable17serializeToBinaryERKNSt7__cxx1112basic_stringIcSt11char_traitsIcESaIcEEE
FNL:12,24,24
FNA:12,97,_ZN10CuckooNode8setValueERKNSt7__cxx1112basic_stringIcSt11char_traitsIcESaIcEEE
FNL:13,26,26
FNA:13,87,_ZN10CuckooNode12markOccupiedEv
FNL:14,266,313
FNA:14,2,_ZN15CuckooHashTable21deserializeFromBinaryERKNSt7__cxx1112basic_stringIcSt11char_traitsIcESaIcEEE
FNL:15,28,28
FNA:15,99,_ZN10CuckooNode9markEmptyEv
FNL:16,31,36
FNA:16,14,_ZN15CuckooHashTableC2Ei
FNL:17,38,41
FNA:17,14,_ZN15CuckooHashTableD2Ev
FNL:18,43,64
FNA:18,3,_ZN15CuckooHashTable6rehashEv
FNL:19,5,7
FNA:19,246,_ZL5hash1ii
FNL:20,68,136
FNA:20,85,_ZN15CuckooHashTable6insertEiRKNSt7__cxx1112basic_stringIcSt11char_traitsIcESaIcEEE
FNL:21,9,11
FNA:21,98,_ZL5hash2ii
FNF:22
FNH:22
DA:5,246
DA:6,246
DA:9,98
DA:10,98
DA:14,1362
DA:16,124
DA:18,101
DA:20,486
DA:22,97
DA:24,97
DA:26,87
DA:28,99
DA:31,14
DA:32,14
DA:33,14
DA:34,162
DA:35,162
DA:36,14
DA:38,14
DA:39,192
DA:40,192
DA:41,14
DA:43,3
DA:44,3
DA:45,3
DA:46,3
DA:48,3
DA:49,60
DA:50,60
DA:51,3
DA:53,30
DA:54,27
DA:55,15
DA:57,27
DA:58,9
DA:62,33
DA:63,33
DA:64,3
DA:68,85
DA:69,85
DA:70,1
DA:73,84
DA:74,3
DA:77,84
DA:78,84
DA:79,84
DA:81,84
DA:83,94
DA:84,94
DA:85,94
DA:87,94
DA:88,84
DA:89,84
DA:90,84
DA:91,84
DA:92,84
DA:96,10
DA:97,10
DA:98,10
DA:99,10
DA:101,10
DA:102,10
DA:103,10
DA:104,10
DA:135,0
DA:136,84
DA:142,147
DA:143,147
DA:144,147
DA:145,60
DA:148,87
DA:149,87
DA:150,0
DA:153,174
DA:156,12
DA:157,12
DA:158,12
DA:159,11
DA:160,11
DA:161,11
DA:164,1
DA:165,1
DA:166,0
DA:167,0
DA:168,0
DA:171,1
DA:174,1
DA:175,1
DA:176,12
DA:177,11
DA:178,11
DA:179,2
DA:181,9
DA:183,11
DA:186,1
DA:187,12
DA:188,11
DA:189,11
DA:190,0
DA:192,11
DA:194,11
DA:196,1
DA:198,4
DA:199,48
DA:200,44
DA:201,44
DA:203,4
DA:204,4
DA:206,1
DA:207,1
DA:208,1
DA:209,1
DA:212,1
DA:213,3
DA:214,2
DA:215,2
DA:216,2
DA:218,1
DA:219,1
DA:221,1
DA:222,1
DA:223,12
DA:224,11
DA:225,2
DA:227,11
DA:228,0
DA:231,1
DA:232,1
DA:234,2
DA:235,2
DA:236,2
DA:238,2
DA:239,2
DA:241,24
DA:242,22
DA:243,3
DA:244,3
DA:246,3
DA:247,3
DA:248,3
DA:249,3
DA:251,22
DA:252,0
DA:253,0
DA:255,0
DA:256,0
DA:257,0
DA:258,0
DA:262,2
DA:263,2
DA:264,2
DA:266,2
DA:267,2
DA:268,2
DA:270,2
DA:271,24
DA:272,24
DA:275,2
DA:276,2
DA:278,2
DA:279,2
DA:280,24
DA:281,24
DA:283,5
DA:285,3
DA:288,3
DA:290,3
DA:291,3
DA:292,2
DA:293,2
DA:297,3
DA:298,3
DA:299,3
DA:300,3
DA:301,3
DA:303,0
DA:304,0
DA:305,0
DA:306,0
DA:308,3
DA:309,3
DA:311,2
DA:312,2
DA:313,2
LF:184
LH:167
end_of_record
TN:
SF:/home/amans/Desktop/2course/LABS_SECOND_SEM/3laba/CuckooHash/CuckooHash.h
FNL:0,42,42
FNA:0,10,_ZNK15CuckooHashTable7getSizeEv
FNL:1,43,43
FNA:1,3,_ZNK15CuckooHashTable7isEmptyEv
FNL:2,44,44
FNA:2,4,_ZNK15CuckooHashTable11getCapacityEv
FNF:3
FNH:3
DA:42,10
DA:43,3
DA:44,4
LF:3
LH:3
end_of_record
TN:
SF:/home/amans/Desktop/2course/LABS_SECOND_SEM/3laba/CuckooHash/test_cuckoo.cpp
FNL:0,100,116
FNA:0,1,_ZL25test_text_file_io_invokerv
FNA:0,1,_ZN17test_text_file_io11test_methodEv
FNL:1,11,17
FNA:1,1,_Z13captureOutputB5cxx11St8functionIFvvEE
FNL:2,118,136
FNA:2,1,_ZL33test_binary_serialization_invokerv
FNA:2,1,_ZN25test_binary_serialization11test_methodEv
FNL:3,138,148
FNA:3,1,_ZL25test_binary_empty_invokerv
FNA:3,1,_ZN17test_binary_empty11test_methodEv
FNL:4,153,186
FNA:4,1,_ZL27test_high_collision_invokerv
FNA:4,1,_ZN19test_high_collision11test_methodEv
FNL:5,188,216
FNA:5,1,_ZL28test_rehash_behavior_invokerv
FNA:5,1,_ZN20test_rehash_behavior11test_methodEv
FNL:6,19,33
FNA:6,1,_ZL29test_basic_operations_invokerv
FNA:6,1,_ZN21test_basic_operations11test_methodEv
FNL:7,35,43
FNA:7,1,_ZL29test_duplicate_insert_invokerv
FNA:7,1,_ZN21test_duplicate_insert11test_methodEv
FNL:8,45,57
FNA:8,1,_ZL19test_remove_invokerv
FNA:8,1,_ZN11test_remove11test_methodEv
FNL:9,59,74
FNA:9,1,_ZL19test_rehash_invokerv
FNA:9,1,_ZN11test_rehash11test_methodEv
FNL:10,76,88
FNA:10,1,_ZL18test_clear_invokerv
FNA:10,1,_ZN10test_clear11test_methodEv
FNL:11,90,98
FNA:11,1,_ZL18test_print_invokerv
FNA:11,1,_ZN10test_print11test_methodEv
FNL:12,95,95
FNA:12,1,_ZZN10test_print11test_methodEvENKUlvE_clEv
FNF:13
FNH:13
DA:11,1
DA:12,1
DA:13,1
DA:14,1
DA:15,1
DA:16,2
DA:17,1
DA:19,2
DA:20,1
DA:22,3
DA:23,3
DA:24,3
DA:26,1
DA:27,1
DA:28,1
DA:29,1
DA:31,1
DA:32,1
DA:33,1
DA:35,2
DA:36,1
DA:37,3
DA:38,1
DA:40,3
DA:41,1
DA:42,1
DA:43,1
DA:45,2
DA:46,1
DA:47,2
DA:48,2
DA:49,1
DA:51,1
DA:52,1
DA:53,1
DA:55,1
DA:56,1
DA:57,1
DA:59,2
DA:60,1
DA:62,2
DA:63,2
DA:64,2
DA:65,1
DA:67,1
DA:68,1
DA:70,1
DA:71,1
DA:72,1
DA:73,1
DA:74,1
DA:76,2
DA:77,1
DA:78,2
DA:79,1
DA:81,1
DA:82,1
DA:83,1
DA:84,1
DA:86,1
DA:87,1
DA:88,1
DA:90,2
DA:91,1
DA:92,2
DA:93,1
DA:95,2
DA:96,1
DA:97,1
DA:98,1
DA:100,2
DA:101,1
DA:102,2
DA:103,2
DA:105,1
DA:106,1
DA:108,1
DA:109,1
DA:111,1
DA:112,1
DA:113,1
DA:115,1
DA:116,1
DA:118,2
DA:119,1
DA:120,2
DA:121,2
DA:122,2
DA:124,1
DA:125,1
DA:127,1
DA:128,1
DA:130,1
DA:131,1
DA:132,1
DA:133,1
DA:135,1
DA:136,1
DA:138,2
DA:139,1
DA:140,1
DA:141,1
DA:143,1
DA:144,1
DA:145,1
DA:147,1
DA:148,1
DA:153,2
DA:154,1
DA:156,1
DA:158,2
DA:160,22
DA:161,20
DA:162,20
DA:167,1
DA:170,22
DA:171,20
DA:175,1
DA:178,11
DA:179,10
DA:183,11
DA:184,10
DA:186,1
DA:188,2
DA:189,1
DA:191,1
DA:194,16
DA:195,15
DA:196,15
DA:197,15
DA:201,1
DA:202,1
DA:205,17
DA:206,15
DA:210,1
DA:213,1
DA:214,1
DA:215,1
DA:216,1
LF:139
LH:139
end_of_record
