TN:
SF:/home/amans/Desktop/LABS_SECOND_SEM/3laba/Queue/Queue.cpp
FNL:0,104,113
FNA:0,1,_ZN5Queue11writeToFileERKNSt7__cxx1112basic_stringIcSt11char_traitsIcESaIcEEE
FNL:1,116,132
FNA:1,3,_ZNK5Queue17serializeToBinaryERKNSt7__cxx1112basic_stringIcSt11char_traitsIcESaIcEEE
FNL:2,134,157
FNA:2,3,_ZN5Queue21deserializeFromBinaryERKNSt7__cxx1112basic_stringIcSt11char_traitsIcESaIcEEE
FNL:3,160,167
FNA:3,6,_ZN5Queue5clearEv
FNL:4,169,181
FNA:4,0,_ZNK5Queue5printEv
FNL:5,183,191
FNA:5,5,_ZNK5Queue14checkIntegrityEv
FNL:6,25,44
FNA:6,1095,_ZN5Queue14shrinkIfNeededEv
FNL:7,47,51
FNA:7,19,_ZN5QueueC2Ei
FNL:8,53,55
FNA:8,19,_ZN5QueueD2Ev
FNL:9,58,63
FNA:9,2153,_ZN5Queue7enqueueERKNSt7__cxx1112basic_stringIcSt11char_traitsIcESaIcEEE
FNL:10,65,75
FNA:10,1096,_ZN5Queue7dequeueB5cxx11Ev
FNL:11,77,82
FNA:11,5,_ZNK5Queue4peekB5cxx11Ev
FNL:12,8,23
FNA:12,2153,_ZN5Queue12growIfNeededEv
FNL:13,85,85
FNA:13,15,_ZNK5Queue7getSizeEv
FNL:14,86,86
FNA:14,8,_ZNK5Queue11getCapacityEv
FNL:15,87,87
FNA:15,4,_ZNK5Queue7isEmptyEv
FNL:16,90,102
FNA:16,2,_ZN5Queue12readFromFileERKNSt7__cxx1112basic_stringIcSt11char_traitsIcESaIcEEE
FNF:17
FNH:16
DA:8,2153
DA:9,2153
DA:11,21
DA:12,4931
DA:14,2476
DA:15,2455
DA:18,2476
DA:19,21
DA:20,21
DA:21,21
DA:22,21
DA:25,1095
DA:26,1095
DA:27,1082
DA:29,12
DA:30,12
DA:32,1126
DA:35,555
DA:36,543
DA:39,2237
DA:40,12
DA:41,12
DA:42,12
DA:43,12
DA:47,19
DA:48,19
DA:49,19
DA:50,238
DA:51,19
DA:53,19
DA:54,1546
DA:55,19
DA:58,2153
DA:59,2153
DA:60,2153
DA:61,2153
DA:62,2153
DA:63,2153
DA:65,1096
DA:66,1096
DA:67,1
DA:70,1095
DA:71,1095
DA:72,1095
DA:73,1095
DA:74,1095
DA:75,0
DA:77,5
DA:78,5
DA:79,1
DA:81,4
DA:85,15
DA:86,8
DA:87,4
DA:90,2
DA:91,2
DA:93,2
DA:94,2
DA:96,1
DA:97,4
DA:98,3
DA:101,1
DA:102,2
DA:104,1
DA:105,1
DA:107,4
DA:108,3
DA:109,3
DA:112,1
DA:113,1
DA:116,3
DA:117,3
DA:118,3
DA:121,3
DA:124,1006
DA:125,1003
DA:126,1003
DA:127,1003
DA:130,3
DA:131,3
DA:132,3
DA:134,3
DA:135,3
DA:136,3
DA:138,3
DA:141,3
DA:142,3
DA:145,1006
DA:146,1003
DA:147,1003
DA:149,1003
DA:150,1003
DA:152,1003
DA:153,1003
DA:155,3
DA:156,3
DA:157,3
DA:160,6
DA:161,66
DA:162,30
DA:163,6
DA:164,6
DA:165,6
DA:166,6
DA:167,6
DA:169,0
DA:170,0
DA:171,0
DA:172,0
DA:175,0
DA:176,0
DA:177,0
DA:178,0
DA:180,0
DA:183,5
DA:184,5
DA:185,5
DA:186,5
DA:187,5
DA:188,5
DA:189,5
DA:190,5
LF:122
LH:112
end_of_record
TN:
SF:/home/amans/Desktop/LABS_SECOND_SEM/3laba/Queue/test_queue.cpp
FNL:0,105,123
FNA:0,1,_ZL28test_capacity_shrink_invokerv
FNA:0,1,_ZN20test_capacity_shrink11test_methodEv
FNL:1,125,142
FNA:1,1,_ZL18test_clear_invokerv
FNA:1,1,_ZN10test_clear11test_methodEv
FNL:2,144,165
FNA:2,1,_ZL28test_file_operations_invokerv
FNA:2,1,_ZN20test_file_operations11test_methodEv
FNL:3,167,184
FNA:3,1,_ZL33test_binary_serialization_invokerv
FNA:3,1,_ZN25test_binary_serialization11test_methodEv
FNL:4,186,195
FNA:4,1,_ZL25test_binary_empty_invokerv
FNA:4,1,_ZN17test_binary_empty11test_methodEv
FNL:5,197,214
FNA:5,1,_ZL25test_binary_large_invokerv
FNA:5,1,_ZN17test_binary_large11test_methodEv
FNL:6,21,39
FNA:6,1,_ZL28test_enqueue_dequeue_invokerv
FNA:6,1,_ZN20test_enqueue_dequeue11test_methodEv
FNL:7,41,44
FNA:7,1,_ZL26test_dequeue_empty_invokerv
FNA:7,1,_ZN18test_dequeue_empty11test_methodEv
FNL:8,46,57
FNA:8,1,_ZL17test_peek_invokerv
FNA:8,1,_ZN9test_peek11test_methodEv
FNL:9,59,62
FNA:9,1,_ZL23test_peek_empty_invokerv
FNA:9,1,_ZN15test_peek_empty11test_methodEv
FNL:10,64,89
FNA:10,1,_ZL28test_circular_buffer_invokerv
FNA:10,1,_ZN20test_circular_buffer11test_methodEv
FNL:11,9,19
FNA:11,1,_ZL35test_constructor_destructor_invokerv
FNA:11,1,_ZN27test_constructor_destructor11test_methodEv
FNL:12,91,103
FNA:12,1,_ZL28test_capacity_growth_invokerv
FNA:12,1,_ZN20test_capacity_growth11test_methodEv
FNF:13
FNH:13
DA:9,2
DA:10,1
DA:11,1
DA:12,1
DA:13,1
DA:14,1
DA:16,1
DA:17,1
DA:18,1
DA:19,1
DA:21,2
DA:22,1
DA:24,1
DA:25,1
DA:26,1
DA:28,1
DA:29,1
DA:31,1
DA:32,1
DA:33,1
DA:35,1
DA:36,1
DA:37,1
DA:38,1
DA:39,1
DA:41,2
DA:42,1
DA:43,1
DA:44,1
DA:46,2
DA:47,1
DA:49,1
DA:50,1
DA:52,1
DA:53,1
DA:55,1
DA:56,1
DA:57,1
DA:59,2
DA:60,1
DA:61,1
DA:62,1
DA:64,2
DA:65,1
DA:68,2
DA:69,2
DA:70,2
DA:71,1
DA:74,1
DA:75,1
DA:78,2
DA:79,1
DA:81,1
DA:82,1
DA:85,1
DA:86,1
DA:87,1
DA:88,1
DA:89,1
DA:91,2
DA:92,1
DA:93,1
DA:96,21
DA:97,20
DA:100,1
DA:101,1
DA:102,1
DA:103,1
DA:105,2
DA:106,1
DA:109,101
DA:110,100
DA:113,1
DA:116,81
DA:117,80
DA:120,1
DA:121,1
DA:122,1
DA:123,1
DA:125,2
DA:126,1
DA:128,11
DA:129,10
DA:132,1
DA:133,1
DA:134,1
DA:135,1
DA:136,1
DA:139,1
DA:140,1
DA:141,1
DA:142,1
DA:144,2
DA:145,1
DA:146,2
DA:147,2
DA:148,2
DA:150,1
DA:152,1
DA:153,1
DA:155,1
DA:156,1
DA:157,1
DA:158,1
DA:160,1
DA:162,1
DA:163,1
DA:164,1
DA:165,1
DA:167,2
DA:168,1
DA:169,2
DA:170,2
DA:171,1
DA:173,3
DA:175,1
DA:176,3
DA:178,1
DA:179,1
DA:180,1
DA:181,1
DA:183,1
DA:184,1
DA:186,2
DA:187,1
DA:188,3
DA:190,1
DA:191,3
DA:192,1
DA:194,1
DA:195,1
DA:197,2
DA:198,1
DA:199,1001
DA:200,1000
DA:203,3
DA:205,1
DA:206,3
DA:208,1
DA:209,1001
DA:210,1000
DA:213,1
DA:214,1
LF:143
LH:143
end_of_record
